<?xml version="1.0" encoding="UTF-8"?>
<testsuite name="com.ardevcenter.drawmanager.lnb.LnbDrawAdapterTest" tests="1" skipped="0" failures="0" errors="0" timestamp="2015-12-05T00:31:27" hostname="HDQITPRO89" time="0.0">
  <properties/>
  <testcase name="testGetLnbDrawData" classname="com.ardevcenter.drawmanager.lnb.LnbDrawAdapterTest" time="0.0"/>
  <system-out><![CDATA[]]></system-out>
  <system-err><![CDATA[]]></system-err>
</testsuite>
