<?xml version="1.0" encoding="UTF-8"?>
<testsuite name="com.ardevcenter.utilities.urltemplategenerator.UrlGeneratorTest" tests="4" skipped="0" failures="0" errors="0" timestamp="2015-10-28T22:56:06" hostname="HDQITPRO89" time="0.011">
  <properties/>
  <testcase name="testGenerateUrls_SingleElement" classname="com.ardevcenter.utilities.urltemplategenerator.UrlGeneratorTest" time="0.007"/>
  <testcase name="testGenerateUrls_MultipleElements" classname="com.ardevcenter.utilities.urltemplategenerator.UrlGeneratorTest" time="0.001"/>
  <testcase name="testGetUrlPattern" classname="com.ardevcenter.utilities.urltemplategenerator.UrlGeneratorTest" time="0.0"/>
  <testcase name="testSetUrlPattern" classname="com.ardevcenter.utilities.urltemplategenerator.UrlGeneratorTest" time="0.001"/>
  <system-out><![CDATA[generateUrls
http://example.com?value1=2014%d&meses=1
generateUrls
getUrlPattern
setUrlPattern
]]></system-out>
  <system-err><![CDATA[]]></system-err>
</testsuite>
